c:\users\svt16\desktop\nuclear throne arranged\cmake-sfml-project\build\_deps\sfml-build\src\sfml\system\sfml-system.dir\release\threadlocalimpl.obj
c:\users\svt16\desktop\nuclear throne arranged\cmake-sfml-project\build\_deps\sfml-build\src\sfml\system\sfml-system.dir\release\threadimpl.obj
c:\users\svt16\desktop\nuclear throne arranged\cmake-sfml-project\build\_deps\sfml-build\src\sfml\system\sfml-system.dir\release\sleepimpl.obj
c:\users\svt16\desktop\nuclear throne arranged\cmake-sfml-project\build\_deps\sfml-build\src\sfml\system\sfml-system.dir\release\muteximpl.obj
c:\users\svt16\desktop\nuclear throne arranged\cmake-sfml-project\build\_deps\sfml-build\src\sfml\system\sfml-system.dir\release\clockimpl.obj
c:\users\svt16\desktop\nuclear throne arranged\cmake-sfml-project\build\_deps\sfml-build\src\sfml\system\sfml-system.dir\release\memoryinputstream.obj
c:\users\svt16\desktop\nuclear throne arranged\cmake-sfml-project\build\_deps\sfml-build\src\sfml\system\sfml-system.dir\release\fileinputstream.obj
c:\users\svt16\desktop\nuclear throne arranged\cmake-sfml-project\build\_deps\sfml-build\src\sfml\system\sfml-system.dir\release\time.obj
c:\users\svt16\desktop\nuclear throne arranged\cmake-sfml-project\build\_deps\sfml-build\src\sfml\system\sfml-system.dir\release\threadlocal.obj
c:\users\svt16\desktop\nuclear throne arranged\cmake-sfml-project\build\_deps\sfml-build\src\sfml\system\sfml-system.dir\release\thread.obj
c:\users\svt16\desktop\nuclear throne arranged\cmake-sfml-project\build\_deps\sfml-build\src\sfml\system\sfml-system.dir\release\string.obj
c:\users\svt16\desktop\nuclear throne arranged\cmake-sfml-project\build\_deps\sfml-build\src\sfml\system\sfml-system.dir\release\sleep.obj
c:\users\svt16\desktop\nuclear throne arranged\cmake-sfml-project\build\_deps\sfml-build\src\sfml\system\sfml-system.dir\release\mutex.obj
c:\users\svt16\desktop\nuclear throne arranged\cmake-sfml-project\build\_deps\sfml-build\src\sfml\system\sfml-system.dir\release\lock.obj
c:\users\svt16\desktop\nuclear throne arranged\cmake-sfml-project\build\_deps\sfml-build\src\sfml\system\sfml-system.dir\release\err.obj
c:\users\svt16\desktop\nuclear throne arranged\cmake-sfml-project\build\_deps\sfml-build\src\sfml\system\sfml-system.dir\release\clock.obj
c:\users\svt16\desktop\nuclear throne arranged\cmake-sfml-project\build\_deps\sfml-build\src\sfml\system\cmakefiles\generate.stamp
c:\users\svt16\desktop\nuclear throne arranged\cmake-sfml-project\build\_deps\sfml-build\lib\release\sfml-system-s.lib
c:\users\svt16\desktop\nuclear throne arranged\cmake-sfml-project\build\_deps\sfml-build\src\sfml\system\sfml-system.dir\release\sfml-system.tlog\cl.command.1.tlog
c:\users\svt16\desktop\nuclear throne arranged\cmake-sfml-project\build\_deps\sfml-build\src\sfml\system\sfml-system.dir\release\sfml-system.tlog\cl.read.1.tlog
c:\users\svt16\desktop\nuclear throne arranged\cmake-sfml-project\build\_deps\sfml-build\src\sfml\system\sfml-system.dir\release\sfml-system.tlog\cl.write.1.tlog
c:\users\svt16\desktop\nuclear throne arranged\cmake-sfml-project\build\_deps\sfml-build\src\sfml\system\sfml-system.dir\release\sfml-system.tlog\custombuild.command.1.tlog
c:\users\svt16\desktop\nuclear throne arranged\cmake-sfml-project\build\_deps\sfml-build\src\sfml\system\sfml-system.dir\release\sfml-system.tlog\custombuild.read.1.tlog
c:\users\svt16\desktop\nuclear throne arranged\cmake-sfml-project\build\_deps\sfml-build\src\sfml\system\sfml-system.dir\release\sfml-system.tlog\custombuild.write.1.tlog
c:\users\svt16\desktop\nuclear throne arranged\cmake-sfml-project\build\_deps\sfml-build\src\sfml\system\sfml-system.dir\release\sfml-system.tlog\lib-link.read.1.tlog
c:\users\svt16\desktop\nuclear throne arranged\cmake-sfml-project\build\_deps\sfml-build\src\sfml\system\sfml-system.dir\release\sfml-system.tlog\lib-link.write.1.tlog
c:\users\svt16\desktop\nuclear throne arranged\cmake-sfml-project\build\_deps\sfml-build\src\sfml\system\sfml-system.dir\release\sfml-system.tlog\lib.command.1.tlog
