  Building Custom Rule C:/Users/svt16/Desktop/Nuclear Throne Arranged/cmake-sfml-project/build/_deps/sfml-src/src/SFML/Audio/CMakeLists.txt
  ALCheck.cpp
  AlResource.cpp
  AudioDevice.cpp
  Listener.cpp
  Music.cpp
  Sound.cpp
  SoundBuffer.cpp
  SoundBufferRecorder.cpp
  InputSoundFile.cpp
  OutputSoundFile.cpp
  SoundRecorder.cpp
  SoundSource.cpp
  SoundStream.cpp
  SoundFileFactory.cpp
  SoundFileReaderFlac.cpp
  SoundFileReaderMp3.cpp
  SoundFileReaderOgg.cpp
  SoundFileReaderWav.cpp
  SoundFileWriterFlac.cpp
  SoundFileWriterOgg.cpp
  Generating Code...
  Compiling...
  SoundFileWriterWav.cpp
  Generating Code...
  sfml-audio.vcxproj -> C:\Users\svt16\Desktop\Nuclear Throne Arranged\cmake-sfml-project\build\_deps\sfml-build\lib\Release\sfml-audio-s.lib
