c:\users\svt16\desktop\nuclear throne arranged\cmake-sfml-project\build\_deps\sfml-build\src\sfml\audio\sfml-audio.dir\release\soundfilewriterogg.obj
c:\users\svt16\desktop\nuclear throne arranged\cmake-sfml-project\build\_deps\sfml-build\src\sfml\audio\sfml-audio.dir\release\soundfilewriterflac.obj
c:\users\svt16\desktop\nuclear throne arranged\cmake-sfml-project\build\_deps\sfml-build\src\sfml\audio\sfml-audio.dir\release\soundfilereaderwav.obj
c:\users\svt16\desktop\nuclear throne arranged\cmake-sfml-project\build\_deps\sfml-build\src\sfml\audio\sfml-audio.dir\release\soundfilereaderogg.obj
c:\users\svt16\desktop\nuclear throne arranged\cmake-sfml-project\build\_deps\sfml-build\src\sfml\audio\sfml-audio.dir\release\soundfilereadermp3.obj
c:\users\svt16\desktop\nuclear throne arranged\cmake-sfml-project\build\_deps\sfml-build\src\sfml\audio\sfml-audio.dir\release\soundfilereaderflac.obj
c:\users\svt16\desktop\nuclear throne arranged\cmake-sfml-project\build\_deps\sfml-build\src\sfml\audio\sfml-audio.dir\release\soundfilefactory.obj
c:\users\svt16\desktop\nuclear throne arranged\cmake-sfml-project\build\_deps\sfml-build\src\sfml\audio\sfml-audio.dir\release\soundstream.obj
c:\users\svt16\desktop\nuclear throne arranged\cmake-sfml-project\build\_deps\sfml-build\src\sfml\audio\sfml-audio.dir\release\soundsource.obj
c:\users\svt16\desktop\nuclear throne arranged\cmake-sfml-project\build\_deps\sfml-build\src\sfml\audio\sfml-audio.dir\release\soundrecorder.obj
c:\users\svt16\desktop\nuclear throne arranged\cmake-sfml-project\build\_deps\sfml-build\src\sfml\audio\sfml-audio.dir\release\outputsoundfile.obj
c:\users\svt16\desktop\nuclear throne arranged\cmake-sfml-project\build\_deps\sfml-build\src\sfml\audio\sfml-audio.dir\release\inputsoundfile.obj
c:\users\svt16\desktop\nuclear throne arranged\cmake-sfml-project\build\_deps\sfml-build\src\sfml\audio\sfml-audio.dir\release\soundbufferrecorder.obj
c:\users\svt16\desktop\nuclear throne arranged\cmake-sfml-project\build\_deps\sfml-build\src\sfml\audio\sfml-audio.dir\release\soundbuffer.obj
c:\users\svt16\desktop\nuclear throne arranged\cmake-sfml-project\build\_deps\sfml-build\src\sfml\audio\sfml-audio.dir\release\sound.obj
c:\users\svt16\desktop\nuclear throne arranged\cmake-sfml-project\build\_deps\sfml-build\src\sfml\audio\sfml-audio.dir\release\music.obj
c:\users\svt16\desktop\nuclear throne arranged\cmake-sfml-project\build\_deps\sfml-build\src\sfml\audio\sfml-audio.dir\release\listener.obj
c:\users\svt16\desktop\nuclear throne arranged\cmake-sfml-project\build\_deps\sfml-build\src\sfml\audio\sfml-audio.dir\release\audiodevice.obj
c:\users\svt16\desktop\nuclear throne arranged\cmake-sfml-project\build\_deps\sfml-build\src\sfml\audio\sfml-audio.dir\release\alresource.obj
c:\users\svt16\desktop\nuclear throne arranged\cmake-sfml-project\build\_deps\sfml-build\src\sfml\audio\sfml-audio.dir\release\alcheck.obj
c:\users\svt16\desktop\nuclear throne arranged\cmake-sfml-project\build\_deps\sfml-build\src\sfml\audio\sfml-audio.dir\release\soundfilewriterwav.obj
c:\users\svt16\desktop\nuclear throne arranged\cmake-sfml-project\build\_deps\sfml-build\src\sfml\audio\cmakefiles\generate.stamp
c:\users\svt16\desktop\nuclear throne arranged\cmake-sfml-project\build\_deps\sfml-build\lib\release\sfml-audio-s.lib
c:\users\svt16\desktop\nuclear throne arranged\cmake-sfml-project\build\_deps\sfml-build\src\sfml\audio\sfml-audio.dir\release\sfml-audio.tlog\cl.command.1.tlog
c:\users\svt16\desktop\nuclear throne arranged\cmake-sfml-project\build\_deps\sfml-build\src\sfml\audio\sfml-audio.dir\release\sfml-audio.tlog\cl.read.1.tlog
c:\users\svt16\desktop\nuclear throne arranged\cmake-sfml-project\build\_deps\sfml-build\src\sfml\audio\sfml-audio.dir\release\sfml-audio.tlog\cl.write.1.tlog
c:\users\svt16\desktop\nuclear throne arranged\cmake-sfml-project\build\_deps\sfml-build\src\sfml\audio\sfml-audio.dir\release\sfml-audio.tlog\custombuild.command.1.tlog
c:\users\svt16\desktop\nuclear throne arranged\cmake-sfml-project\build\_deps\sfml-build\src\sfml\audio\sfml-audio.dir\release\sfml-audio.tlog\custombuild.read.1.tlog
c:\users\svt16\desktop\nuclear throne arranged\cmake-sfml-project\build\_deps\sfml-build\src\sfml\audio\sfml-audio.dir\release\sfml-audio.tlog\custombuild.write.1.tlog
c:\users\svt16\desktop\nuclear throne arranged\cmake-sfml-project\build\_deps\sfml-build\src\sfml\audio\sfml-audio.dir\release\sfml-audio.tlog\lib-link.read.1.tlog
c:\users\svt16\desktop\nuclear throne arranged\cmake-sfml-project\build\_deps\sfml-build\src\sfml\audio\sfml-audio.dir\release\sfml-audio.tlog\lib-link.write.1.tlog
c:\users\svt16\desktop\nuclear throne arranged\cmake-sfml-project\build\_deps\sfml-build\src\sfml\audio\sfml-audio.dir\release\sfml-audio.tlog\lib.command.1.tlog
