c:\users\svt16\desktop\nuclear throne arranged\cmake-sfml-project\build\_deps\sfml-build\src\sfml\graphics\sfml-graphics.dir\release\shape.obj
c:\users\svt16\desktop\nuclear throne arranged\cmake-sfml-project\build\_deps\sfml-build\src\sfml\graphics\sfml-graphics.dir\release\vertex.obj
c:\users\svt16\desktop\nuclear throne arranged\cmake-sfml-project\build\_deps\sfml-build\src\sfml\graphics\sfml-graphics.dir\release\view.obj
c:\users\svt16\desktop\nuclear throne arranged\cmake-sfml-project\build\_deps\sfml-build\src\sfml\graphics\sfml-graphics.dir\release\transformable.obj
c:\users\svt16\desktop\nuclear throne arranged\cmake-sfml-project\build\_deps\sfml-build\src\sfml\graphics\sfml-graphics.dir\release\transform.obj
c:\users\svt16\desktop\nuclear throne arranged\cmake-sfml-project\build\_deps\sfml-build\src\sfml\graphics\sfml-graphics.dir\release\texturesaver.obj
c:\users\svt16\desktop\nuclear throne arranged\cmake-sfml-project\build\_deps\sfml-build\src\sfml\graphics\sfml-graphics.dir\release\texture.obj
c:\users\svt16\desktop\nuclear throne arranged\cmake-sfml-project\build\_deps\sfml-build\src\sfml\graphics\sfml-graphics.dir\release\shader.obj
c:\users\svt16\desktop\nuclear throne arranged\cmake-sfml-project\build\_deps\sfml-build\src\sfml\graphics\sfml-graphics.dir\release\renderwindow.obj
c:\users\svt16\desktop\nuclear throne arranged\cmake-sfml-project\build\_deps\sfml-build\src\sfml\graphics\sfml-graphics.dir\release\rendertarget.obj
c:\users\svt16\desktop\nuclear throne arranged\cmake-sfml-project\build\_deps\sfml-build\src\sfml\graphics\sfml-graphics.dir\release\rendertexture.obj
c:\users\svt16\desktop\nuclear throne arranged\cmake-sfml-project\build\_deps\sfml-build\src\sfml\graphics\sfml-graphics.dir\release\renderstates.obj
c:\users\svt16\desktop\nuclear throne arranged\cmake-sfml-project\build\_deps\sfml-build\src\sfml\graphics\sfml-graphics.dir\release\imageloader.obj
c:\users\svt16\desktop\nuclear throne arranged\cmake-sfml-project\build\_deps\sfml-build\src\sfml\graphics\sfml-graphics.dir\release\image.obj
c:\users\svt16\desktop\nuclear throne arranged\cmake-sfml-project\build\_deps\sfml-build\src\sfml\graphics\sfml-graphics.dir\release\glextensions.obj
c:\users\svt16\desktop\nuclear throne arranged\cmake-sfml-project\build\_deps\sfml-build\src\sfml\graphics\sfml-graphics.dir\release\glcheck.obj
c:\users\svt16\desktop\nuclear throne arranged\cmake-sfml-project\build\_deps\sfml-build\src\sfml\graphics\sfml-graphics.dir\release\glsl.obj
c:\users\svt16\desktop\nuclear throne arranged\cmake-sfml-project\build\_deps\sfml-build\src\sfml\graphics\sfml-graphics.dir\release\font.obj
c:\users\svt16\desktop\nuclear throne arranged\cmake-sfml-project\build\_deps\sfml-build\src\sfml\graphics\sfml-graphics.dir\release\color.obj
c:\users\svt16\desktop\nuclear throne arranged\cmake-sfml-project\build\_deps\sfml-build\src\sfml\graphics\sfml-graphics.dir\release\blendmode.obj
c:\users\svt16\desktop\nuclear throne arranged\cmake-sfml-project\build\_deps\sfml-build\src\sfml\graphics\sfml-graphics.dir\release\rendertextureimpldefault.obj
c:\users\svt16\desktop\nuclear throne arranged\cmake-sfml-project\build\_deps\sfml-build\src\sfml\graphics\sfml-graphics.dir\release\rendertextureimplfbo.obj
c:\users\svt16\desktop\nuclear throne arranged\cmake-sfml-project\build\_deps\sfml-build\src\sfml\graphics\sfml-graphics.dir\release\rendertextureimpl.obj
c:\users\svt16\desktop\nuclear throne arranged\cmake-sfml-project\build\_deps\sfml-build\src\sfml\graphics\sfml-graphics.dir\release\vertexbuffer.obj
c:\users\svt16\desktop\nuclear throne arranged\cmake-sfml-project\build\_deps\sfml-build\src\sfml\graphics\sfml-graphics.dir\release\vertexarray.obj
c:\users\svt16\desktop\nuclear throne arranged\cmake-sfml-project\build\_deps\sfml-build\src\sfml\graphics\sfml-graphics.dir\release\text.obj
c:\users\svt16\desktop\nuclear throne arranged\cmake-sfml-project\build\_deps\sfml-build\src\sfml\graphics\sfml-graphics.dir\release\sprite.obj
c:\users\svt16\desktop\nuclear throne arranged\cmake-sfml-project\build\_deps\sfml-build\src\sfml\graphics\sfml-graphics.dir\release\convexshape.obj
c:\users\svt16\desktop\nuclear throne arranged\cmake-sfml-project\build\_deps\sfml-build\src\sfml\graphics\sfml-graphics.dir\release\rectangleshape.obj
c:\users\svt16\desktop\nuclear throne arranged\cmake-sfml-project\build\_deps\sfml-build\src\sfml\graphics\sfml-graphics.dir\release\circleshape.obj
c:\users\svt16\desktop\nuclear throne arranged\cmake-sfml-project\build\_deps\sfml-build\src\sfml\graphics\cmakefiles\generate.stamp
c:\users\svt16\desktop\nuclear throne arranged\cmake-sfml-project\build\_deps\sfml-build\lib\release\sfml-graphics-s.lib
c:\users\svt16\desktop\nuclear throne arranged\cmake-sfml-project\build\_deps\sfml-build\src\sfml\graphics\sfml-graphics.dir\release\sfml-graphics.tlog\cl.command.1.tlog
c:\users\svt16\desktop\nuclear throne arranged\cmake-sfml-project\build\_deps\sfml-build\src\sfml\graphics\sfml-graphics.dir\release\sfml-graphics.tlog\cl.read.1.tlog
c:\users\svt16\desktop\nuclear throne arranged\cmake-sfml-project\build\_deps\sfml-build\src\sfml\graphics\sfml-graphics.dir\release\sfml-graphics.tlog\cl.write.1.tlog
c:\users\svt16\desktop\nuclear throne arranged\cmake-sfml-project\build\_deps\sfml-build\src\sfml\graphics\sfml-graphics.dir\release\sfml-graphics.tlog\custombuild.command.1.tlog
c:\users\svt16\desktop\nuclear throne arranged\cmake-sfml-project\build\_deps\sfml-build\src\sfml\graphics\sfml-graphics.dir\release\sfml-graphics.tlog\custombuild.read.1.tlog
c:\users\svt16\desktop\nuclear throne arranged\cmake-sfml-project\build\_deps\sfml-build\src\sfml\graphics\sfml-graphics.dir\release\sfml-graphics.tlog\custombuild.write.1.tlog
c:\users\svt16\desktop\nuclear throne arranged\cmake-sfml-project\build\_deps\sfml-build\src\sfml\graphics\sfml-graphics.dir\release\sfml-graphics.tlog\lib-link.read.1.tlog
c:\users\svt16\desktop\nuclear throne arranged\cmake-sfml-project\build\_deps\sfml-build\src\sfml\graphics\sfml-graphics.dir\release\sfml-graphics.tlog\lib-link.write.1.tlog
c:\users\svt16\desktop\nuclear throne arranged\cmake-sfml-project\build\_deps\sfml-build\src\sfml\graphics\sfml-graphics.dir\release\sfml-graphics.tlog\lib.command.1.tlog
